Arguments: 
  /usr/local/bin/node /opt/yarn-v1.22.5/bin/yarn.js install

PATH: 
  /usr/local/sbin:/usr/local/bin:/usr/sbin:/usr/bin:/sbin:/bin

Yarn version: 
  1.22.5

Node version: 
  12.22.1

Platform: 
  linux x64

Trace: 
  Error: ENOENT: no such file or directory, lstat '/frontend/node_modules/es-abstract/2020/'

npm manifest: 
  {
    "name": "101-app",
    "version": "1.0.0",
    "main": "index.js",
    "license": "MIT",
    "scripts": {
      "prettify": "prettier -l --write \"**/*.js\"",
      "test": "jest",
      "dev": "nodemon src/index.js"
    },
    "dependencies": {
      "body-parser": "^1.19.0",
      "express": "^4.17.1",
      "mysql": "^2.17.1",
      "sqlite3": "^4.1.0",
      "uuid": "^3.3.3",
      "wait-port": "^0.2.2"
    },
    "prettier": {
      "trailingComma": "all",
      "tabWidth": 4,
      "useTabs": false,
      "semi": true,
      "singleQuote": true
    },
    "devDependencies": {
      "jest": "^24.9.0",
      "nodemon": "^1.19.2",
      "prettier": "^1.18.2"
    }
  }

yarn manifest: 
  No manifest

Lockfile: 
  No lockfile
